#
# A fatal error has been detected by the Java Runtime Environment:
#
#  EXCEPTION_ACCESS_VIOLATION (0xc0000005) at pc=0x100011f0, pid=1312, tid=5020
#
# JRE version: 6.0_18-b07
# Java VM: Java HotSpot(TM) Client VM (16.0-b13 mixed mode, sharing windows-x86 )
# Problematic frame:
# C  [opcjni.dll+0x11f0]
#
# If you would like to submit a bug report, please visit:
#   http://java.sun.com/webapps/bugreport/crash.jsp
# The crash happened outside the Java Virtual Machine in native code.
# See problematic frame for where to report the bug.
#

---------------  T H R E A D  ---------------

Current thread (0x00846800):  JavaThread "main" [_thread_in_native, id=5020, stack(0x008d0000,0x00920000)]

siginfo: ExceptionCode=0xc0000005, reading address 0x00000000

Registers:
EAX=0x00000000, EBX=0x7c809c08, ECX=0x000a5480, EDX=0x000a0004
ESP=0x0091fa2c, EBP=0x02b9ab60, ESI=0x02ec3f70, EDI=0x00000000
EIP=0x100011f0, EFLAGS=0x00010202

Top of Stack: (sp=0x0091fa2c)
0x0091fa2c:   02b9ab71 00000000 02b9ab60 32a2b3c0
0x0091fa3c:   00650074 00740073 00610056 00000072
0x0091fa4c:   6d8eac74 0091fab0 0091fae0 02b9ab78
0x0091fa5c:   0091facc 00958269 ffffffff 6da00490
0x0091fa6c:   00000000 00000000 0091fae0 00000008
0x0091fa7c:   00000001 000000a1 008404d8 6d87c104
0x0091fa8c:   02b9ab80 00000007 0000000d 0091fad4
0x0091fa9c:   008404d8 00000040 6d815509 008404e8 

Instructions: (pc=0x100011f0)
0x100011e0:   24 1c 02 00 00 66 89 51 18 8b 46 0c 83 46 34 01
0x100011f0:   8b 08 8d 56 2c 52 8b 56 24 8d 7e 28 57 52 6a 01 


Stack: [0x008d0000,0x00920000],  sp=0x0091fa2c,  free space=13e0091f560k
Native frames: (J=compiled Java code, j=interpreted, Vv=VM code, C=native code)
C  [opcjni.dll+0x11f0]

Java frames: (J=compiled Java code, j=interpreted, Vv=VM code)
j  com.tianyue.opcclient.OpcClientAPI.addItem(ILjava/lang/String;IZ)I+0
j  com.tianyue.opcclient.OpcClientAPI.main([Ljava/lang/String;)V+30
v  ~StubRoutines::call_stub

---------------  P R O C E S S  ---------------

Java Threads: ( => current thread )
  0x02b95c00 JavaThread "Low Memory Detector" daemon [_thread_blocked, id=5760, stack(0x02e10000,0x02e60000)]
  0x02b92c00 JavaThread "CompilerThread0" daemon [_thread_blocked, id=4936, stack(0x02dc0000,0x02e10000)]
  0x02b91400 JavaThread "Attach Listener" daemon [_thread_blocked, id=4976, stack(0x02d70000,0x02dc0000)]
  0x02b90000 JavaThread "Signal Dispatcher" daemon [_thread_blocked, id=3524, stack(0x02d20000,0x02d70000)]
  0x02b50000 JavaThread "Finalizer" daemon [_thread_blocked, id=952, stack(0x02cd0000,0x02d20000)]
  0x02b4b400 JavaThread "Reference Handler" daemon [_thread_blocked, id=5208, stack(0x02c80000,0x02cd0000)]
=>0x00846800 JavaThread "main" [_thread_in_native, id=5020, stack(0x008d0000,0x00920000)]

Other Threads:
  0x02b4a000 VMThread [stack: 0x02c30000,0x02c80000] [id=4720]
  0x02b97c00 WatcherThread [stack: 0x02e60000,0x02eb0000] [id=1760]

VM state:not at safepoint (normal execution)

VM Mutex/Monitor currently owned by a thread: None

Heap
 def new generation   total 4928K, used 313K [0x229d0000, 0x22f20000, 0x27f20000)
  eden space 4416K,   7% used [0x229d0000, 0x22a1e4f0, 0x22e20000)
  from space 512K,   0% used [0x22e20000, 0x22e20000, 0x22ea0000)
  to   space 512K,   0% used [0x22ea0000, 0x22ea0000, 0x22f20000)
 tenured generation   total 10944K, used 0K [0x27f20000, 0x289d0000, 0x329d0000)
   the space 10944K,   0% used [0x27f20000, 0x27f20000, 0x27f20200, 0x289d0000)
 compacting perm gen  total 12288K, used 368K [0x329d0000, 0x335d0000, 0x369d0000)
   the space 12288K,   3% used [0x329d0000, 0x32a2c3c0, 0x32a2c400, 0x335d0000)
    ro space 10240K,  51% used [0x369d0000, 0x36ef7b58, 0x36ef7c00, 0x373d0000)
    rw space 12288K,  54% used [0x373d0000, 0x37a64ce0, 0x37a64e00, 0x37fd0000)

Dynamic libraries:
0x00400000 - 0x00424000 	D:\Program Files\Java\jre6\bin\javaw.exe
0x7c920000 - 0x7c9b6000 	C:\WINDOWS\system32\ntdll.dll
0x7c800000 - 0x7c91d000 	C:\WINDOWS\system32\kernel32.dll
0x77da0000 - 0x77e49000 	C:\WINDOWS\system32\ADVAPI32.dll
0x77e50000 - 0x77ee2000 	C:\WINDOWS\system32\RPCRT4.dll
0x77fc0000 - 0x77fd1000 	C:\WINDOWS\system32\Secur32.dll
0x77d10000 - 0x77d9f000 	C:\WINDOWS\system32\USER32.dll
0x77ef0000 - 0x77f38000 	C:\WINDOWS\system32\GDI32.dll
0x76300000 - 0x7631d000 	C:\WINDOWS\system32\IMM32.DLL
0x62c20000 - 0x62c29000 	C:\WINDOWS\system32\LPK.DLL
0x73fa0000 - 0x7400b000 	C:\WINDOWS\system32\USP10.dll
0x77be0000 - 0x77c38000 	C:\WINDOWS\system32\msvcrt.dll
0x7c340000 - 0x7c396000 	D:\Program Files\Java\jre6\bin\msvcr71.dll
0x6d800000 - 0x6da97000 	D:\Program Files\Java\jre6\bin\client\jvm.dll
0x76b10000 - 0x76b3a000 	C:\WINDOWS\system32\WINMM.dll
0x6d7b0000 - 0x6d7bc000 	D:\Program Files\Java\jre6\bin\verify.dll
0x6d330000 - 0x6d34f000 	D:\Program Files\Java\jre6\bin\java.dll
0x6d290000 - 0x6d298000 	D:\Program Files\Java\jre6\bin\hpi.dll
0x76bc0000 - 0x76bcb000 	C:\WINDOWS\system32\PSAPI.DLL
0x6d7f0000 - 0x6d7ff000 	D:\Program Files\Java\jre6\bin\zip.dll
0x10000000 - 0x1001b000 	D:\workspace\JinfangV1.7371\opcjni.dll
0x76990000 - 0x76acd000 	C:\WINDOWS\system32\ole32.dll
0x770f0000 - 0x7717b000 	C:\WINDOWS\system32\OLEAUT32.dll
0x5adc0000 - 0x5adf7000 	C:\WINDOWS\system32\uxtheme.dll
0x67340000 - 0x67401000 	C:\Program Files\360\360Safe\safemon\safemon.dll
0x7d590000 - 0x7dd83000 	C:\WINDOWS\system32\SHELL32.dll
0x77f40000 - 0x77fb6000 	C:\WINDOWS\system32\SHLWAPI.dll
0x77bd0000 - 0x77bd8000 	C:\WINDOWS\system32\VERSION.dll
0x3e410000 - 0x3e4f6000 	C:\WINDOWS\system32\WININET.dll
0x02f30000 - 0x02f39000 	C:\WINDOWS\system32\Normaliz.dll
0x43ce0000 - 0x43e13000 	C:\WINDOWS\system32\urlmon.dll
0x3eab0000 - 0x3ec98000 	C:\WINDOWS\system32\iertutil.dll
0x71a20000 - 0x71a37000 	C:\WINDOWS\system32\WS2_32.dll
0x71a10000 - 0x71a18000 	C:\WINDOWS\system32\WS2HELP.dll
0x77180000 - 0x77283000 	C:\WINDOWS\WinSxS\x86_Microsoft.Windows.Common-Controls_6595b64144ccf1df_6.0.2600.3744_x-ww_d9c64cc6\comctl32.dll
0x74680000 - 0x746cb000 	C:\WINDOWS\system32\MSCTF.dll
0x76fa0000 - 0x7701f000 	C:\WINDOWS\system32\CLBCATQ.DLL
0x77020000 - 0x770ba000 	C:\WINDOWS\system32\COMRes.dll
0x20000000 - 0x20549000 	C:\WINDOWS\system32\xpsp2res.dll

VM Arguments:
jvm_args: -Dfile.encoding=GBK 
java_command: com.tianyue.opcclient.OpcClientAPI
Launcher Type: SUN_STANDARD

Environment Variables:
JAVA_HOME=D:\Program Files\Java\jdk1.6.0_18
PATH=D:/Program Files/Java/jre6/bin/client;D:/Program Files/Java/jre6/bin;D:/Program Files/Java/jre6/lib/i386;C:\WINDOWS\system32;C:\WINDOWS;C:\WINDOWS\System32\Wbem;C:\Program Files\Microsoft SQL Server\80\Tools\BINN;C:\Program Files\9158KTV\Package\bpl;C:\Program Files\9158KTV\bin;F:\QQ管家\新建文件夹\QQPCMgr\6.8.2383.401;D:\Program Files\Java\jdk1.6.0_18\bin;C:\apache\apache-maven-2.2.1\bin;C:\AppServ\Apache2.2\bin;C:\AppServ\php5;C:\AppServ\MySQL\bin;F:\QQ管家\新建文件夹\QQPCMgr\6.8.2383.401;C:\Program Files\eclipse;
USERNAME=JF
OS=Windows_NT
PROCESSOR_IDENTIFIER=x86 Family 6 Model 23 Stepping 6, GenuineIntel



---------------  S Y S T E M  ---------------

OS: Windows XP Build 2600 Service Pack 2

CPU:total 2 (2 cores per cpu, 1 threads per core) family 6 model 23 stepping 6, cmov, cx8, fxsr, mmx, sse, sse2, sse3, ssse3

Memory: 4k page, physical 2085992k(999368k free), swap 4023916k(2325464k free)

vm_info: Java HotSpot(TM) Client VM (16.0-b13) for windows-x86 JRE (1.6.0_18-b07), built on Dec 17 2009 13:35:55 by "java_re" with MS VC++ 7.1 (VS2003)

time: Thu Aug 23 17:25:52 2012
elapsed time: 0 seconds

